INFO [2022-08-05 13:26:24] [[1]]
INFO [2022-08-05 13:26:24] list(venn_e, venn_U, venn_D)
INFO [2022-08-05 13:26:24] 
INFO [2022-08-05 13:26:24] $filename
INFO [2022-08-05 13:26:24] NULL
INFO [2022-08-05 13:26:24] 
INFO [2022-08-05 13:26:24] $category.names
INFO [2022-08-05 13:26:24] c("eDNA", "UVC", "DOV")
INFO [2022-08-05 13:26:24] 
INFO [2022-08-05 13:26:24] $output
INFO [2022-08-05 13:26:24] [1] TRUE
INFO [2022-08-05 13:26:24] 
INFO [2022-08-05 13:26:24] $imagetype
INFO [2022-08-05 13:26:24] [1] "svg"
INFO [2022-08-05 13:26:24] 
INFO [2022-08-05 13:26:24] $height
INFO [2022-08-05 13:26:24] [1] 100
INFO [2022-08-05 13:26:24] 
INFO [2022-08-05 13:26:24] $width
INFO [2022-08-05 13:26:24] [1] 100
INFO [2022-08-05 13:26:24] 
INFO [2022-08-05 13:26:24] $resolution
INFO [2022-08-05 13:26:24] [1] 300
INFO [2022-08-05 13:26:24] 
INFO [2022-08-05 13:26:24] $compression
INFO [2022-08-05 13:26:24] [1] "lzw"
INFO [2022-08-05 13:26:24] 
INFO [2022-08-05 13:26:24] $lwd
INFO [2022-08-05 13:26:24] [1] 2
INFO [2022-08-05 13:26:24] 
INFO [2022-08-05 13:26:24] $lty
INFO [2022-08-05 13:26:24] [1] "blank"
INFO [2022-08-05 13:26:24] 
INFO [2022-08-05 13:26:24] $fill
INFO [2022-08-05 13:26:24] c("#7CAE00", "#00BFC4", "#F8766D")
INFO [2022-08-05 13:26:24] 
INFO [2022-08-05 13:26:24] $cex
INFO [2022-08-05 13:26:24] [1] 1
INFO [2022-08-05 13:26:24] 
INFO [2022-08-05 13:26:24] $fontface
INFO [2022-08-05 13:26:24] [1] "bold"
INFO [2022-08-05 13:26:24] 
INFO [2022-08-05 13:26:24] $fontfamily
INFO [2022-08-05 13:26:24] [1] "sans"
INFO [2022-08-05 13:26:24] 
INFO [2022-08-05 13:26:24] $cat.cex
INFO [2022-08-05 13:26:24] [1] 1
INFO [2022-08-05 13:26:24] 
INFO [2022-08-05 13:26:24] $cat.col
INFO [2022-08-05 13:26:24] c("#7CAE00", "#00BFC4", "#F8766D")
INFO [2022-08-05 13:26:24] 
INFO [2022-08-05 13:26:24] $cat.fontface
INFO [2022-08-05 13:26:24] [1] "bold"
INFO [2022-08-05 13:26:24] 
INFO [2022-08-05 13:26:24] $cat.pos
INFO [2022-08-05 13:26:24] c(-30, 30, 180)
INFO [2022-08-05 13:26:24] 
INFO [2022-08-05 13:26:24] $cat.dist
INFO [2022-08-05 13:26:24] c(0.08, 0.08, 0.055)
INFO [2022-08-05 13:26:24] 
INFO [2022-08-05 13:26:24] $cat.fontfamily
INFO [2022-08-05 13:26:24] [1] "sans"
INFO [2022-08-05 13:26:24] 
