INFO [2022-08-05 13:36:52] [[1]]
INFO [2022-08-05 13:36:52] list(venn_e, venn_U, venn_D)
INFO [2022-08-05 13:36:52] 
INFO [2022-08-05 13:36:52] $filename
INFO [2022-08-05 13:36:52] NULL
INFO [2022-08-05 13:36:52] 
INFO [2022-08-05 13:36:52] $category.names
INFO [2022-08-05 13:36:52] c("eDNA", "UVC", "DOV")
INFO [2022-08-05 13:36:52] 
INFO [2022-08-05 13:36:52] $output
INFO [2022-08-05 13:36:52] [1] TRUE
INFO [2022-08-05 13:36:52] 
INFO [2022-08-05 13:36:52] $imagetype
INFO [2022-08-05 13:36:52] [1] "svg"
INFO [2022-08-05 13:36:52] 
INFO [2022-08-05 13:36:52] $height
INFO [2022-08-05 13:36:52] [1] 100
INFO [2022-08-05 13:36:52] 
INFO [2022-08-05 13:36:52] $width
INFO [2022-08-05 13:36:52] [1] 100
INFO [2022-08-05 13:36:52] 
INFO [2022-08-05 13:36:52] $resolution
INFO [2022-08-05 13:36:52] [1] 300
INFO [2022-08-05 13:36:52] 
INFO [2022-08-05 13:36:52] $compression
INFO [2022-08-05 13:36:52] [1] "lzw"
INFO [2022-08-05 13:36:52] 
INFO [2022-08-05 13:36:52] $lwd
INFO [2022-08-05 13:36:52] [1] 2
INFO [2022-08-05 13:36:52] 
INFO [2022-08-05 13:36:52] $lty
INFO [2022-08-05 13:36:52] [1] "blank"
INFO [2022-08-05 13:36:52] 
INFO [2022-08-05 13:36:52] $fill
INFO [2022-08-05 13:36:52] c("#7CAE00", "#00BFC4", "#F8766D")
INFO [2022-08-05 13:36:52] 
INFO [2022-08-05 13:36:52] $cex
INFO [2022-08-05 13:36:52] [1] 1
INFO [2022-08-05 13:36:52] 
INFO [2022-08-05 13:36:52] $fontface
INFO [2022-08-05 13:36:52] [1] "bold"
INFO [2022-08-05 13:36:52] 
INFO [2022-08-05 13:36:52] $fontfamily
INFO [2022-08-05 13:36:52] [1] "sans"
INFO [2022-08-05 13:36:52] 
INFO [2022-08-05 13:36:52] $cat.cex
INFO [2022-08-05 13:36:52] [1] 1
INFO [2022-08-05 13:36:52] 
INFO [2022-08-05 13:36:52] $cat.col
INFO [2022-08-05 13:36:52] c("#7CAE00", "#00BFC4", "#F8766D")
INFO [2022-08-05 13:36:52] 
INFO [2022-08-05 13:36:52] $cat.fontface
INFO [2022-08-05 13:36:52] [1] "bold"
INFO [2022-08-05 13:36:52] 
INFO [2022-08-05 13:36:52] $cat.pos
INFO [2022-08-05 13:36:52] c(-30, 30, 180)
INFO [2022-08-05 13:36:52] 
INFO [2022-08-05 13:36:52] $cat.dist
INFO [2022-08-05 13:36:52] c(0.08, 0.08, 0.055)
INFO [2022-08-05 13:36:52] 
INFO [2022-08-05 13:36:52] $cat.fontfamily
INFO [2022-08-05 13:36:52] [1] "sans"
INFO [2022-08-05 13:36:52] 
