INFO [2022-08-05 13:41:11] [[1]]
INFO [2022-08-05 13:41:11] list(venn_e, venn_U, venn_D)
INFO [2022-08-05 13:41:11] 
INFO [2022-08-05 13:41:11] $filename
INFO [2022-08-05 13:41:11] NULL
INFO [2022-08-05 13:41:11] 
INFO [2022-08-05 13:41:11] $category.names
INFO [2022-08-05 13:41:11] c("eDNA", "UVC", "DOV")
INFO [2022-08-05 13:41:11] 
INFO [2022-08-05 13:41:11] $output
INFO [2022-08-05 13:41:11] [1] TRUE
INFO [2022-08-05 13:41:11] 
INFO [2022-08-05 13:41:11] $imagetype
INFO [2022-08-05 13:41:11] [1] "svg"
INFO [2022-08-05 13:41:11] 
INFO [2022-08-05 13:41:11] $height
INFO [2022-08-05 13:41:11] [1] 100
INFO [2022-08-05 13:41:11] 
INFO [2022-08-05 13:41:11] $width
INFO [2022-08-05 13:41:11] [1] 100
INFO [2022-08-05 13:41:11] 
INFO [2022-08-05 13:41:11] $resolution
INFO [2022-08-05 13:41:11] [1] 300
INFO [2022-08-05 13:41:11] 
INFO [2022-08-05 13:41:11] $compression
INFO [2022-08-05 13:41:11] [1] "lzw"
INFO [2022-08-05 13:41:11] 
INFO [2022-08-05 13:41:11] $lwd
INFO [2022-08-05 13:41:11] [1] 2
INFO [2022-08-05 13:41:11] 
INFO [2022-08-05 13:41:11] $lty
INFO [2022-08-05 13:41:11] [1] "blank"
INFO [2022-08-05 13:41:11] 
INFO [2022-08-05 13:41:11] $fill
INFO [2022-08-05 13:41:11] c("#7CAE00", "#00BFC4", "#F8766D")
INFO [2022-08-05 13:41:11] 
INFO [2022-08-05 13:41:11] $cex
INFO [2022-08-05 13:41:11] [1] 1
INFO [2022-08-05 13:41:11] 
INFO [2022-08-05 13:41:11] $fontface
INFO [2022-08-05 13:41:11] [1] "bold"
INFO [2022-08-05 13:41:11] 
INFO [2022-08-05 13:41:11] $fontfamily
INFO [2022-08-05 13:41:11] [1] "sans"
INFO [2022-08-05 13:41:11] 
INFO [2022-08-05 13:41:11] $cat.cex
INFO [2022-08-05 13:41:11] [1] 1
INFO [2022-08-05 13:41:11] 
INFO [2022-08-05 13:41:11] $cat.col
INFO [2022-08-05 13:41:11] c("#7CAE00", "#00BFC4", "#F8766D")
INFO [2022-08-05 13:41:11] 
INFO [2022-08-05 13:41:11] $cat.fontface
INFO [2022-08-05 13:41:11] [1] "bold"
INFO [2022-08-05 13:41:11] 
INFO [2022-08-05 13:41:11] $cat.pos
INFO [2022-08-05 13:41:11] c(-30, 30, 180)
INFO [2022-08-05 13:41:11] 
INFO [2022-08-05 13:41:11] $cat.dist
INFO [2022-08-05 13:41:11] c(0.08, 0.08, 0.055)
INFO [2022-08-05 13:41:11] 
INFO [2022-08-05 13:41:11] $cat.fontfamily
INFO [2022-08-05 13:41:11] [1] "sans"
INFO [2022-08-05 13:41:11] 
