INFO [2022-08-03 12:05:22] [[1]]
INFO [2022-08-03 12:05:22] list(venn_e, venn_U, venn_D)
INFO [2022-08-03 12:05:22] 
INFO [2022-08-03 12:05:22] $filename
INFO [2022-08-03 12:05:22] NULL
INFO [2022-08-03 12:05:22] 
INFO [2022-08-03 12:05:22] $category.names
INFO [2022-08-03 12:05:22] c("eDNA", "UVC", "DOV")
INFO [2022-08-03 12:05:22] 
INFO [2022-08-03 12:05:22] $output
INFO [2022-08-03 12:05:22] [1] TRUE
INFO [2022-08-03 12:05:22] 
INFO [2022-08-03 12:05:22] $imagetype
INFO [2022-08-03 12:05:22] [1] "svg"
INFO [2022-08-03 12:05:22] 
INFO [2022-08-03 12:05:22] $height
INFO [2022-08-03 12:05:22] [1] 100
INFO [2022-08-03 12:05:22] 
INFO [2022-08-03 12:05:22] $width
INFO [2022-08-03 12:05:22] [1] 100
INFO [2022-08-03 12:05:22] 
INFO [2022-08-03 12:05:22] $resolution
INFO [2022-08-03 12:05:22] [1] 300
INFO [2022-08-03 12:05:22] 
INFO [2022-08-03 12:05:22] $compression
INFO [2022-08-03 12:05:22] [1] "lzw"
INFO [2022-08-03 12:05:22] 
INFO [2022-08-03 12:05:22] $lwd
INFO [2022-08-03 12:05:22] [1] 2
INFO [2022-08-03 12:05:22] 
INFO [2022-08-03 12:05:22] $lty
INFO [2022-08-03 12:05:22] [1] "blank"
INFO [2022-08-03 12:05:22] 
INFO [2022-08-03 12:05:22] $fill
INFO [2022-08-03 12:05:22] c("#7CAE00", "#00BFC4", "#F8766D")
INFO [2022-08-03 12:05:22] 
INFO [2022-08-03 12:05:22] $cex
INFO [2022-08-03 12:05:22] [1] 1
INFO [2022-08-03 12:05:22] 
INFO [2022-08-03 12:05:22] $fontface
INFO [2022-08-03 12:05:22] [1] "bold"
INFO [2022-08-03 12:05:22] 
INFO [2022-08-03 12:05:22] $fontfamily
INFO [2022-08-03 12:05:22] [1] "sans"
INFO [2022-08-03 12:05:22] 
INFO [2022-08-03 12:05:22] $cat.cex
INFO [2022-08-03 12:05:22] [1] 1
INFO [2022-08-03 12:05:22] 
INFO [2022-08-03 12:05:22] $cat.col
INFO [2022-08-03 12:05:22] c("#7CAE00", "#00BFC4", "#F8766D")
INFO [2022-08-03 12:05:22] 
INFO [2022-08-03 12:05:22] $cat.fontface
INFO [2022-08-03 12:05:22] [1] "bold"
INFO [2022-08-03 12:05:22] 
INFO [2022-08-03 12:05:22] $cat.pos
INFO [2022-08-03 12:05:22] c(-30, 30, 180)
INFO [2022-08-03 12:05:22] 
INFO [2022-08-03 12:05:22] $cat.dist
INFO [2022-08-03 12:05:22] c(0.08, 0.08, 0.055)
INFO [2022-08-03 12:05:22] 
INFO [2022-08-03 12:05:22] $cat.fontfamily
INFO [2022-08-03 12:05:22] [1] "sans"
INFO [2022-08-03 12:05:22] 
